0 verbose cli /usr/local/bin/node /usr/local/bin/npm
1 info using npm@8.11.0
2 info using node@v16.15.1
3 timing npm:load:whichnode Completed in 0ms
4 timing config:load:defaults Completed in 3ms
5 timing config:load:file:/usr/local/lib/node_modules/npm/npmrc Completed in 1ms
6 timing config:load:builtin Completed in 2ms
7 timing config:load:cli Completed in 2ms
8 timing config:load:env Completed in 0ms
9 timing config:load:file:/Users/sshmatrix/Idee/sshmatrix/Buidl/namesys-eth/ccip2-eth-client/.npmrc Completed in 0ms
10 timing config:load:project Completed in 6ms
11 timing config:load:file:/Users/sshmatrix/.npmrc Completed in 0ms
12 timing config:load:user Completed in 1ms
13 timing config:load:file:/usr/local/etc/npmrc Completed in 1ms
14 timing config:load:global Completed in 1ms
15 timing config:load:validate Completed in 0ms
16 timing config:load:credentials Completed in 1ms
17 timing config:load:setEnvs Completed in 1ms
18 timing config:load Completed in 20ms
19 timing npm:load:configload Completed in 20ms
20 timing npm:load:mkdirpcache Completed in 0ms
21 timing npm:load:mkdirplogs Completed in 1ms
22 verbose title npm
23 verbose argv "--cache" "clean"
24 timing npm:load:setTitle Completed in 6ms
25 timing config:load:flatten Completed in 3ms
26 timing npm:load:display Completed in 5ms
27 verbose logfile logs-max:10 dir:/Users/sshmatrix/Idee/sshmatrix/Buidl/namesys-eth/ccip2-eth-client/clean/_logs
28 verbose logfile /Users/sshmatrix/Idee/sshmatrix/Buidl/namesys-eth/ccip2-eth-client/clean/_logs/2023-08-17T08_40_01_412Z-debug-0.log
29 timing npm:load:logFile Completed in 7ms
30 timing npm:load:timers Completed in 0ms
31 timing npm:load:configScope Completed in 0ms
32 timing npm:load Completed in 44ms
33 verbose exit 0
34 timing npm Completed in 50ms
35 verbose code 1
